<?xml version="1.0" encoding="UTF-8"?>
<!-- Generated by org.testng.reporters.JUnitReportReporter -->
<testsuite hostname="DESKTOP-R5KQP3R" failures="0" tests="1" name="BrowserStack.BrowserStack.BaseClass" time="16.234" errors="0" timestamp="2021-12-03T19:54:54 IST" skipped="0">
  <testcase classname="BrowserStack.BrowserStack.BaseClass" name="visit" time="16.234"/>
  <system-out/>
</testsuite> <!-- BrowserStack.BrowserStack.BaseClass -->
